======================================================================
FINAL COMPREHENSIVE COMPARISON
======================================================================

Testing progression:
  1. Original Solver (baseline)
  2. Enhanced Solver (+ near-miss)
  3. Advanced Solver (+ patterns + rotation)
  4. Final Solver (+ objects + physics) - SAME AS ADVANCED

Total tasks: 14
  Near-miss: 3
  Basic: 4
  Pattern: 2
  Object ops: 3
  Physics: 2

======================================================================
Testing: Original
======================================================================
[ 1/14] extract_largest           (near_miss   )... ✗ (83%)
[ 2/14] connect_objects           (near_miss   )... ✗ (75%)
[ 3/14] align_objects             (near_miss   )... ✗ (75%)
[ 4/14] rotation_90_square        (basic       )... ✓ (100%)
[ 5/14] horizontal_flip           (basic       )... ✓ (100%)
[ 6/14] identity                  (basic       )... ✓ (100%)
[ 7/14] color_swap                (basic       )... ✗ (67%)
[ 8/14] pattern_tiling            (pattern     )... ✗ (0%)
[ 9/14] symmetry_complete         (pattern     )... ✗ (0%)
[10/14] duplicate_object          (object_ops  )... ✗ (67%)
[11/14] distribute_objects        (object_ops  )... ✗ (83%)
[12/14] stack_objects             (object_ops  )... ✗ (83%)
[13/14] gravity_fall              (physics     )... ✓ (100%)
[14/14] compress                  (physics     )... ✗ (67%)

======================================================================
Summary for Original
======================================================================
Total: 4/14 (28.6%)

By category:
  basic          : 3/4 (75.0%)
  near_miss      : 0/3 (0.0%)
  object_ops     : 0/3 (0.0%)
  pattern        : 0/2 (0.0%)
  physics        : 1/2 (50.0%)

======================================================================
Testing: Enhanced
======================================================================
[ 1/14] extract_largest           (near_miss   )... ✓ (100%)
[ 2/14] connect_objects           (near_miss   )... ✓ (100%)
[ 3/14] align_objects             (near_miss   )... ✓ (100%)
[ 4/14] rotation_90_square        (basic       )... ✓ (100%)
[ 5/14] horizontal_flip           (basic       )... ✓ (100%)
[ 6/14] identity                  (basic       )... ✓ (100%)
[ 7/14] color_swap                (basic       )... ✗ (67%)
[ 8/14] pattern_tiling            (pattern     )... ✗ (0%)
[ 9/14] symmetry_complete         (pattern     )... ✗ (0%)
[10/14] duplicate_object          (object_ops  )... ✗ (67%)
[11/14] distribute_objects        (object_ops  )... ✗ (83%)
[12/14] stack_objects             (object_ops  )... ✗ (83%)
[13/14] gravity_fall              (physics     )... ✓ (100%)
[14/14] compress                  (physics     )... ✓ (100%)

======================================================================
Summary for Enhanced
======================================================================
Total: 8/14 (57.1%)

By category:
  basic          : 3/4 (75.0%)
  near_miss      : 3/3 (100.0%)
  object_ops     : 0/3 (0.0%)
  pattern        : 0/2 (0.0%)
  physics        : 2/2 (100.0%)

======================================================================
Testing: Advanced
======================================================================
[ 1/14] extract_largest           (near_miss   )... ✓ (100%)
[ 2/14] connect_objects           (near_miss   )... ✓ (100%)
[ 3/14] align_objects             (near_miss   )... ✗ (75%)
[ 4/14] rotation_90_square        (basic       )... ✓ (100%)
[ 5/14] horizontal_flip           (basic       )... ✓ (100%)
[ 6/14] identity                  (basic       )... ✓ (100%)
[ 7/14] color_swap                (basic       )... ✗ (67%)
[ 8/14] pattern_tiling            (pattern     )... ✓ (100%)
[ 9/14] symmetry_complete         (pattern     )... ✓ (100%)
[10/14] duplicate_object          (object_ops  )... ✓ (100%)
[11/14] distribute_objects        (object_ops  )... ✓ (100%)
[12/14] stack_objects             (object_ops  )... ✓ (100%)
[13/14] gravity_fall              (physics     )... ✓ (100%)
[14/14] compress                  (physics     )... ✓ (100%)

======================================================================
Summary for Advanced
======================================================================
Total: 12/14 (85.7%)

By category:
  basic          : 3/4 (75.0%)
  near_miss      : 2/3 (66.7%)
  object_ops     : 3/3 (100.0%)
  pattern        : 2/2 (100.0%)
  physics        : 2/2 (100.0%)

======================================================================
FINAL COMPARISON
======================================================================

Solver               Success Rate    Tasks Solved    Avg Accuracy
----------------------------------------------------------------------
Original             28.6%           4/14            71.4%
Enhanced             57.1%           8/14            78.6%
Advanced             85.7%           12/14            95.8%

======================================================================
IMPROVEMENTS
======================================================================

Enhanced vs Original:
  28.6% → 57.1% (+28.6%)
  +4 tasks solved

Advanced vs Original:
  28.6% → 85.7% (+57.1%)
  +8 tasks solved

Advanced vs Enhanced:
  57.1% → 85.7% (+28.6%)
  +4 tasks solved

======================================================================
CATEGORY BREAKDOWN
======================================================================

Category        Original     Enhanced     Advanced
----------------------------------------------------------------------
near_miss       0/3          3/3          2/3
basic           3/4          3/4          3/4
pattern         0/2          0/2          2/2
object_ops      0/3          0/3          3/3
physics         1/2          2/2          2/2

======================================================================
✓ FINAL COMPARISON COMPLETE
======================================================================
