======================================================================
NEAR-MISS ANALYSIS
======================================================================

Goal: Understand what prevents 70-95% accurate solutions from succeeding

Found 10 tasks with 90-99% accuracy

Top 10 near-misses:
   1. fd096ab6     97.0%  identity → color_remap → color_remap
   2. 14754a24     95.8%  identity → erode → erode
   3. 42918530     95.5%  identity → color_remap → color_remap
   4. 575b1a71     95.0%  fill_enclosed → color_remap → connect_objects
   5. e681b708     94.8%  identity → color_remap → color_remap
   6. 42a15761     94.3%  reflection → color_remap → color_remap
   7. 5af49b42     94.1%  erode → erode → erode
   8. 5ffb2104     94.0%  gravity → color_remap → color_remap
   9. 1e97544e     93.2%  dilate → color_remap → color_remap
  10. 79369cc6     92.5%  identity → color_remap → color_remap


######################################################################
# TASK 1/5
######################################################################

======================================================================
ANALYZING TASK: fd096ab6
======================================================================

Task ID: fd096ab6
Training examples: 2
Test examples: 1

--- TRAINING EXAMPLES ---

Training 1:

Input:
  Shape: 22×22
  ██████████████████████
  ██████████████████████
  ██████████████████████
  ████████░░████████████
  ██████░░██████████████
  ████████░█████████████
  ██████████████████████
  ███████████████▀██████
  ██████████████████████
  ███████████████▀██████
  ██████████████████████
  ███▐██████████████████
  ████▐█████████████████
  ██████████████████████
  ████████████████▓▓████
  ███████████████▓██████
  █████████▒████████████
  ████████▒█████████████
  ██████████████████████
  ██████████████████████
  ██████████████████████
  ██████████████████████

Output:
  Shape: 22×22
  ██████████████████████
  ██████████████████████
  ██████████████████████
  ████████░░████████████
  ██████░░██████████████
  ████████░█████████████
  ██████████████████████
  ███████████████▀▀█████
  █████████████▀▀███████
  ███████████████▀██████
  ████▐▐████████████████
  ██▐▐██████████████████
  ████▐█████████████████
  ██████████████████████
  ████████████████▓▓████
  ██████████████▓▓██████
  █████████▒▒█████▓█████
  ███████▒▒█████████████
  █████████▒████████████
  ██████████████████████
  ██████████████████████
  ██████████████████████

Training 2:

Input:
  Shape: 24×24
  ████████████████████████
  ████████████████████████
  ████████████████████████
  ████████████████████████
  ██████░░░████████▀██████
  █████░███░███████▀▀█████
  ██████░█████████████████
  ██████░░████████████████
  ████████████████████████
  ████████████████████████
  ████████████████████████
  ██████████████████▌▌████
  ████████████████████▌███
  █████▐██████████████████
  ████▐███████████████████
  ████████████████████████
  ████████████████████████
  ████████████▒▒▒█████████
  ████████████████████████
  ████████████████████████
  ████████████████████████
  ████████████████████████
  ████████████████████████
  ████████████████████████

Output:
  Shape: 24×24
  ████████████████████████
  ████████████████████████
  █████████████████▀▀▀████
  ████████████████▀███▀███
  ██████░░░████████▀██████
  █████░███░███████▀▀█████
  ██████░█████████████████
  ██████░░████████████████
  ████████████████████████
  ████████████████████████
  ████████████████████████
  █████████████████▌▌▌████
  ████████████████▌███▌███
  █████▐▐▐█████████▌██████
  ████▐███▐████████▌▌█████
  █████▐██████████████████
  █████▐▐█████████████████
  ████████████▒▒▒█████████
  ███████████▒███▒████████
  ████████████▒███████████
  ████████████▒▒██████████
  ████████████████████████
  ████████████████████████
  ████████████████████████

--- SOLVING TASK ---

--- TEST CASE ---

Test Input:
  Shape: 30×30
  ██████████████████████████████
  ███████████████████████▐██████
  ██████████████████████▐███████
  ███████░█████▓████████▐███████
  ██████░█░███▓█████████████████
  █████░░█░██▓██████████████████
  ██████████████████████████████
  ██████████████████████████████
  ██████████████████████████████
  █████████████████████████▄████
  ████████████████████████▄▄████
  █████▀█████████▒██████████████
  █████▀█▀████████▒█████████████
  ████████████████▒█████████████
  ██████████████████████████████
  ██████████████████████████████
  ██████████████████████████████
  ██████████████████████████████
  ██████████████████████████████
  ███████████▌██████████████████
  ████████████▌█████████████████
  █████████████████████▓▓███████
  █████▆████████████████████████
  ███▆██████████████████████████
  ██████████████████████████████
  ██████████████████████████████
  ██████████████████████████████
  ██████████████████████████████
  ██████████████████████████████
  ██████████████████████████████

Expected Output:
  Shape: 30×30
  ██████████████████████████████
  ███████████████████████▐██████
  ██████████████████████▐█▐█████
  ███████░█████▓███████▐▐█▐█████
  ██████░█░███▓█▓███████████████
  █████░░█░██▓▓█▓███████████████
  ██████████████████████████████
  ██████████████████████████████
  ██████████████████████████▄███
  █████████████████████████▄█▄██
  ██████▀█████████████████▄▄█▄██
  █████▀█▀███████▒██████████████
  ████▀▀█▀██████▒█▒█████████████
  █████████████▒▒█▒█████████████
  ██████████████████████████████
  ██████████████████████████████
  ██████████████████████████████
  ██████████████████████████████
  ██████████████████████████████
  ███████████▌███████████▓██████
  ██████████▌█▌█████████▓█▓█████
  ████▆████▌▌█▌████████▓▓█▓█████
  ███▆█▆████████████████████████
  ██▆▆█▆████████████████████████
  ██████████████████████████████
  ██████████████████████████████
  ██████████████████████████████
  ██████████████████████████████
  ██████████████████████████████
  ██████████████████████████████

ERROR: Solver returned invalid result


######################################################################
# TASK 2/5
######################################################################

======================================================================
ANALYZING TASK: 14754a24
======================================================================

Task ID: 14754a24
Training examples: 4
Test examples: 1

--- TRAINING EXAMPLES ---

Training 1:

Input:
  Shape: 18×19
  ·▄·▄▄·▄▄▄···▄··▄·▄·
  ···▄···▄▄▄····▄▄···
  ·▄▄···▄·▄▄····▄··▄·
  ··▄▄·▄▄··▄▄·▄·▄·▄··
  ··▄··░·▄·▄·▄···▄▄·▄
  ··▄·░▄░▄▄·▄···▄░▄▄▄
  ▄····░··▄▄····▄░░▄·
  ▄·▄▄▄▄·▄···▄·▄·░▄··
  ▄▄··▄·▄·▄▄·▄▄▄▄▄···
  ▄▄··▄▄▄·▄··▄··▄····
  ··▄▄····▄░▄·▄▄·····
  ▄▄▄░·▄·▄▄░░▄··▄▄▄▄·
  ··░▄··▄▄·░▄·▄··▄▄▄▄
  ····▄··▄····▄·▄··▄▄
  ▄▄·▄···▄▄▄▄▄·▄·····
  ▄▄···▄·······▄·▄··▄
  ▄·▄·▄▄·▄▄····▄▄····
  ·▄▄······▄▄▄▄▄·····

Output:
  Shape: 18×19
  ·▄·▄▄·▄▄▄···▄··▄·▄·
  ···▄···▄▄▄····▄▄···
  ·▄▄···▄·▄▄····▄··▄·
  ··▄▄·▄▄··▄▄·▄·▄·▄··
  ··▄··░·▄·▄·▄···▄▄·▄
  ··▄·░▓░▄▄·▄···▄░▄▄▄
  ▄····░··▄▄····▓░░▄·
  ▄·▄▄▄▄·▄···▄·▄·░▄··
  ▄▄··▄·▄·▄▄·▄▄▄▄▄···
  ▄▄··▄▄▄·▄··▄··▄····
  ··▓▄····▄░▄·▄▄·····
  ▄▓▓░·▄·▄▓░░▄··▄▄▄▄·
  ··░▄··▄▄·░▄·▄··▄▄▄▄
  ····▄··▄····▄·▄··▄▄
  ▄▄·▄···▄▄▄▄▄·▄·····
  ▄▄···▄·······▄·▄··▄
  ▄·▄·▄▄·▄▄····▄▄····
  ·▄▄······▄▄▄▄▄·····

Training 2:

Input:
  Shape: 18×16
  ·▄··▄▄···▄▄·▄··▄
  ▄▄····▄·▄··▄▄▄··
  ··░▄·▄·▄▄··░▄▄▄·
  ·▄▄░··▄··▄··░··▄
  ··░▄··▄·▄·····▄·
  ···▄·▄▄▄▄·▄·▄▄·▄
  ▄·▄··░▄░▄▄▄▄·▄··
  ····▄▄░▄▄······▄
  ··▄▄··▄·▄▄·▄▄░▄·
  ··▄··▄···▄▄·▄▄░▄
  ▄··░····▄····▄▄▄
  ▄▄░▄░▄·▄▄▄····▄▄
  ▄··▄▄▄·▄░▄░·▄···
  ▄··▄▄··▄·░···▄▄·
  ▄▄▄▄▄···▄▄▄·▄▄··
  ▄▄▄▄····▄·▄▄▄▄·▄
  ▄·▄·····▄·▄·▄▄··
  ▄····▄··▄▄▄▄···▄

Output:
  Shape: 18×16
  ·▄··▄▄···▄▄·▄··▄
  ▄▄····▄·▄··▄▓▄··
  ··░▄·▄·▄▄··░▓▓▄·
  ·▓▓░··▄··▄··░··▄
  ··░▄··▄·▄·····▄·
  ···▄·▄▓▄▄·▄·▄▄·▄
  ▄·▄··░▓░▄▄▄▄·▄··
  ····▄▄░▄▄······▄
  ··▄▄··▄·▄▄·▄▄░▄·
  ··▄··▄···▄▄·▓▓░▄
  ▄··░····▄····▓▄▄
  ▄▄░▓░▄·▄▄▓····▄▄
  ▄··▓▄▄·▄░▓░·▄···
  ▄··▄▄··▄·░···▄▄·
  ▄▄▄▄▄···▄▄▄·▄▄··
  ▄▄▄▄····▄·▄▄▄▄·▄
  ▄·▄·····▄·▄·▄▄··
  ▄····▄··▄▄▄▄···▄

--- SOLVING TASK ---

--- TEST CASE ---

Test Input:
  Shape: 19×19
  ··▄··▄▄·▄·▄·▄▄░▄··▄
  ·▄▄·▄░▄▄▄·▄▄·░▄·▄▄·
  ▄▄▄·▄▄░·▄▄·▄▄▄▄·▄·▄
  ▄▄░····▄···▄·▄···▄▄
  ▄░▄▄▄▄·▄··▄▄·▄▄·▄··
  ▄▄·▄···▄▄·▄░▄··▄·▄▄
  ·▄▄▄▄·▄▄▄▄░░▄·▄▄···
  ▄··▄▄▄▄····▄·▄▄··▄·
  ·▄·····▄··▄···▄·▄·▄
  ····▄··▄··▄··▄··▄▄·
  ····▄▄·▄·▄·▄·░···▄·
  ▄▄░▄▄▄▄▄··▄·░▄░·▄·▄
  ▄▄▄░···▄▄▄·▄▄░·▄▄▄▄
  ··░▄·····▄·▄·▄▄▄▄▄▄
  ▄·▄··▄·░▄··▄▄▄▄▄··▄
  ▄▄·▄▄·▄▄░··▄▄▄·▄·▄▄
  ▄▄▄·▄▄▄░·▄▄·▄▄··▄▄·
  ▄▄▄▄···▄··▄·▄·▄·▄··
  ·▄·▄▄▄··▄▄▄··▄▄▄▄▄▄

Expected Output:
  Shape: 19×19
  ··▄··▄▓·▄·▄·▓▓░▄··▄
  ·▄▄·▄░▓▓▄·▄▄·░▄·▄▄·
  ▄▓▄·▄▄░·▄▄·▄▄▄▄·▄·▄
  ▓▓░····▄···▄·▄···▄▄
  ▄░▄▄▄▄·▄··▄▄·▄▄·▄··
  ▄▄·▄···▄▄·▄░▄··▄·▄▄
  ·▄▄▄▄·▄▄▄▄░░▓·▄▄···
  ▄··▄▄▄▄····▓·▄▄··▄·
  ·▄·····▄··▄···▄·▄·▄
  ····▄··▄··▄··▄··▄▄·
  ····▄▄·▄·▄·▄·░···▄·
  ▄▄░▄▄▄▄▄··▄·░▓░·▄·▄
  ▄▓▓░···▄▄▄·▄▄░·▄▄▄▄
  ··░▄·····▄·▄·▄▄▄▄▄▄
  ▄·▄··▄·░▄··▄▄▄▄▄··▄
  ▄▄·▄▄·▓▓░··▄▄▄·▄·▄▄
  ▄▄▄·▄▄▄░·▄▄·▄▄··▄▄·
  ▄▄▄▄···▄··▄·▄·▄·▄··
  ·▄·▄▄▄··▄▄▄··▄▄▄▄▄▄

ERROR: Solver returned invalid result


######################################################################
# TASK 3/5
######################################################################

======================================================================
ANALYZING TASK: 42918530
======================================================================

Task ID: 42918530
Training examples: 4
Test examples: 1

--- TRAINING EXAMPLES ---

Training 1:

Input:
  Shape: 13×19
  ···················
  ·▒▒▒▒▒·▐▐▐▐▐·░░░░░·
  ·▒···▒·▐···▐·░·░·░·
  ·▒···▒·▐···▐·░░░░░·
  ·▒···▒·▐···▐·░·░·░·
  ·▒▒▒▒▒·▐▐▐▐▐·░░░░░·
  ···················
  ·░░░░░·▓▓▓▓▓·▌▌▌▌▌·
  ·░···░·▓···▓·▌···▌·
  ·░···░·▓···▓·▌···▌·
  ·░···░·▓···▓·▌···▌·
  ·░░░░░·▓▓▓▓▓·▌▌▌▌▌·
  ···················

Output:
  Shape: 13×19
  ···················
  ·▒▒▒▒▒·▐▐▐▐▐·░░░░░·
  ·▒···▒·▐···▐·░·░·░·
  ·▒···▒·▐···▐·░░░░░·
  ·▒···▒·▐···▐·░·░·░·
  ·▒▒▒▒▒·▐▐▐▐▐·░░░░░·
  ···················
  ·░░░░░·▓▓▓▓▓·▌▌▌▌▌·
  ·░·░·░·▓···▓·▌···▌·
  ·░░░░░·▓···▓·▌···▌·
  ·░·░·░·▓···▓·▌···▌·
  ·░░░░░·▓▓▓▓▓·▌▌▌▌▌·
  ···················

Training 2:

Input:
  Shape: 19×19
  ···················
  ·▓▓▓▓▓·░░░░░·▐▐▐▐▐·
  ·▓·▓·▓·░···░·▐···▐·
  ·▓▓▓·▓·░···░·▐·▐·▐·
  ·▓···▓·░···░·▐···▐·
  ·▓▓▓▓▓·░░░░░·▐▐▐▐▐·
  ···················
  ·▐▐▐▐▐·▒▒▒▒▒·█████·
  ·▐···▐·▒···▒·█···█·
  ·▐···▐·▒·▒▒▒·█···█·
  ·▐···▐·▒·▒·▒·█···█·
  ·▐▐▐▐▐·▒▒▒▒▒·█████·
  ···················
  ·▓▓▓▓▓·█████·▓▓▓▓▓·
  ·▓···▓·█···█·▓···▓·
  ·▓···▓·█···█·▓···▓·
  ·▓···▓·█···█·▓···▓·
  ·▓▓▓▓▓·█████·▓▓▓▓▓·
  ···················

Output:
  Shape: 19×19
  ···················
  ·▓▓▓▓▓·░░░░░·▐▐▐▐▐·
  ·▓·▓·▓·░···░·▐···▐·
  ·▓▓▓·▓·░···░·▐·▐·▐·
  ·▓···▓·░···░·▐···▐·
  ·▓▓▓▓▓·░░░░░·▐▐▐▐▐·
  ···················
  ·▐▐▐▐▐·▒▒▒▒▒·█████·
  ·▐···▐·▒···▒·█···█·
  ·▐·▐·▐·▒·▒▒▒·█···█·
  ·▐···▐·▒·▒·▒·█···█·
  ·▐▐▐▐▐·▒▒▒▒▒·█████·
  ···················
  ·▓▓▓▓▓·█████·▓▓▓▓▓·
  ·▓·▓·▓·█···█·▓·▓·▓·
  ·▓▓▓·▓·█···█·▓▓▓·▓·
  ·▓···▓·█···█·▓···▓·
  ·▓▓▓▓▓·█████·▓▓▓▓▓·
  ···················

--- SOLVING TASK ---

--- TEST CASE ---

Test Input:
  Shape: 25×25
  ·························
  ·█████·▐▐▐▐▐·▒▒▒▒▒·▌▌▌▌▌·
  ·█···█·▐···▐·▒··▒▒·▌·▌·▌·
  ·█···█·▐▐▐·▐·▒·▒·▒·▌·▌·▌·
  ·█···█·▐·▐·▐·▒▒··▒·▌·▌·▌·
  ·█████·▐▐▐▐▐·▒▒▒▒▒·▌▌▌▌▌·
  ·························
  ·▀▀▀▀▀·▓▓▓▓▓·█████·▓▓▓▓▓·
  ·▀·▀·▀·▓·▓·▓·█···█·▓···▓·
  ·▀·▀▀▀·▓▓▓·▓·█···█·▓···▓·
  ·▀···▀·▓·▓·▓·█···█·▓···▓·
  ·▀▀▀▀▀·▓▓▓▓▓·█████·▓▓▓▓▓·
  ·························
  ·▐▐▐▐▐·░░░░░·▒▒▒▒▒·▓▓▓▓▓·
  ·▐···▐·░···░·▒···▒·▓···▓·
  ·▐···▐·░···░·▒···▒·▓···▓·
  ·▐···▐·░···░·▒···▒·▓···▓·
  ·▐▐▐▐▐·░░░░░·▒▒▒▒▒·▓▓▓▓▓·
  ·························
  ·▓▓▓▓▓·▐▐▐▐▐·▓▓▓▓▓·▀▀▀▀▀·
  ·▓···▓·▐···▐·▓···▓·▀···▀·
  ·▓···▓·▐···▐·▓···▓·▀···▀·
  ·▓···▓·▐···▐·▓···▓·▀···▀·
  ·▓▓▓▓▓·▐▐▐▐▐·▓▓▓▓▓·▀▀▀▀▀·
  ·························

Expected Output:
  Shape: 25×25
  ·························
  ·█████·▐▐▐▐▐·▒▒▒▒▒·▌▌▌▌▌·
  ·█···█·▐···▐·▒··▒▒·▌·▌·▌·
  ·█···█·▐▐▐·▐·▒·▒·▒·▌·▌·▌·
  ·█···█·▐·▐·▐·▒▒··▒·▌·▌·▌·
  ·█████·▐▐▐▐▐·▒▒▒▒▒·▌▌▌▌▌·
  ·························
  ·▀▀▀▀▀·▓▓▓▓▓·█████·▓▓▓▓▓·
  ·▀·▀·▀·▓·▓·▓·█···█·▓·▓·▓·
  ·▀·▀▀▀·▓▓▓·▓·█···█·▓▓▓·▓·
  ·▀···▀·▓·▓·▓·█···█·▓·▓·▓·
  ·▀▀▀▀▀·▓▓▓▓▓·█████·▓▓▓▓▓·
  ·························
  ·▐▐▐▐▐·░░░░░·▒▒▒▒▒·▓▓▓▓▓·
  ·▐···▐·░···░·▒··▒▒·▓·▓·▓·
  ·▐▐▐·▐·░···░·▒·▒·▒·▓▓▓·▓·
  ·▐·▐·▐·░···░·▒▒··▒·▓·▓·▓·
  ·▐▐▐▐▐·░░░░░·▒▒▒▒▒·▓▓▓▓▓·
  ·························
  ·▓▓▓▓▓·▐▐▐▐▐·▓▓▓▓▓·▀▀▀▀▀·
  ·▓·▓·▓·▐···▐·▓·▓·▓·▀·▀·▀·
  ·▓▓▓·▓·▐▐▐·▐·▓▓▓·▓·▀·▀▀▀·
  ·▓·▓·▓·▐·▐·▐·▓·▓·▓·▀···▀·
  ·▓▓▓▓▓·▐▐▐▐▐·▓▓▓▓▓·▀▀▀▀▀·
  ·························

ERROR: Solver returned invalid result


######################################################################
# TASK 4/5
######################################################################

======================================================================
ANALYZING TASK: 575b1a71
======================================================================

Task ID: 575b1a71
Training examples: 3
Test examples: 1

--- TRAINING EXAMPLES ---

Training 1:

Input:
  Shape: 10×10
  ▄▄▄▄▄·▄▄▄▄
  ▄▄▄▄▄▄▄▄▄▄
  ▄▄▄▄▄▄▄▄▄▄
  ▄·▄▄▄·▄▄▄▄
  ▄▄▄▄··▄▄▄▄
  ▄·▄▄·▄▄▄▄▄
  ▄·▄▄·▄▄▄▄▄
  ▄▄▄▄▄▄▄▄·▄
  ▄·▄▄··▄▄·▄
  ▄▄▄▄▄▄▄▄·▄

Output:
  Shape: 10×10
  ▄▄▄▄▄▒▄▄▄▄
  ▄▄▄▄▄▄▄▄▄▄
  ▄▄▄▄▄▄▄▄▄▄
  ▄█▄▄▄▒▄▄▄▄
  ▄▄▄▄▓▒▄▄▄▄
  ▄█▄▄▓▄▄▄▄▄
  ▄█▄▄▓▄▄▄▄▄
  ▄▄▄▄▄▄▄▄░▄
  ▄█▄▄▓▒▄▄░▄
  ▄▄▄▄▄▄▄▄░▄

Training 2:

Input:
  Shape: 10×10
  ·▄▄▄▄▄▄·▄▄
  ▄▄▄▄▄▄▄▄▄▄
  ▄▄▄▄·▄▄▄▄▄
  ▄▄▄▄▄▄▄·▄▄
  ▄▄▄▄·▄▄▄▄▄
  ▄▄▄▄▄▄▄▄▄▄
  ▄▄▄▄▄▄▄▄▄▄
  ▄▄▄▄·▄▄▄▄▄
  ▄▄▄▄▄▄▄▄·▄
  ▄▄▄▄·▄▄▄▄▄

Output:
  Shape: 10×10
  █▄▄▄▄▄▄▒▄▄
  ▄▄▄▄▄▄▄▄▄▄
  ▄▄▄▄▓▄▄▄▄▄
  ▄▄▄▄▄▄▄▒▄▄
  ▄▄▄▄▓▄▄▄▄▄
  ▄▄▄▄▄▄▄▄▄▄
  ▄▄▄▄▄▄▄▄▄▄
  ▄▄▄▄▓▄▄▄▄▄
  ▄▄▄▄▄▄▄▄░▄
  ▄▄▄▄▓▄▄▄▄▄

--- SOLVING TASK ---

--- TEST CASE ---

Test Input:
  Shape: 10×10
  ▄▄▄·▄▄▄▄▄▄
  ▄▄▄▄▄▄▄▄▄▄
  ▄▄▄▄▄▄▄▄▄▄
  ·▄▄▄▄▄▄▄▄▄
  ▄▄▄▄▄·▄▄▄▄
  ▄▄·▄▄▄▄▄▄▄
  ▄▄·▄▄▄▄▄▄▄
  ·▄▄▄▄▄▄▄▄▄
  ▄▄▄▄▄▄▄▄▄▄
  ·▄▄▄▄·▄▄▄▄

Expected Output:
  Shape: 10×10
  ▄▄▄▒▄▄▄▄▄▄
  ▄▄▄▄▄▄▄▄▄▄
  ▄▄▄▄▄▄▄▄▄▄
  █▄▄▄▄▄▄▄▄▄
  ▄▄▄▄▄░▄▄▄▄
  ▄▄▓▄▄▄▄▄▄▄
  ▄▄▓▄▄▄▄▄▄▄
  █▄▄▄▄▄▄▄▄▄
  ▄▄▄▄▄▄▄▄▄▄
  █▄▄▄▄░▄▄▄▄

ERROR: Solver returned invalid result


######################################################################
# TASK 5/5
######################################################################

======================================================================
ANALYZING TASK: e681b708
======================================================================

Task ID: e681b708
Training examples: 3
Test examples: 1

--- TRAINING EXAMPLES ---

Training 1:

Input:
  Shape: 27×23
  ··█··█····▓··█·····█···
  ···█···█··█·····█····█·
  ··········█············
  ▀█████████▓███████████▒
  ··········█············
  ··█··█····█············
  ··········█············
  ····█···█·█····█···█···
  ··········█············
  ▐█████████▓············
  ··········█············
  ··········█···█···█····
  ··█···█···█············
  ····█·····█············
  ·······█··█············
  ··········█············
  ▒█████████▒██████▒████▒
  ··········█······█·····
  ··········█······█·····
  ··········█··█···█·█···
  ·█····█···█····█·█···█·
  ···█······█······█·····
  ··········█·█····█·····
  ··········█······█·····
  ··█·······█···█··█··█··
  ··········█······█····█
  ··········▓······▐·····

Output:
  Shape: 27×23
  ··▓··▓····▓··▓·····▓···
  ···▓···▓··█·····▓····▓·
  ··········█············
  ▀█████████▓███████████▒
  ··········█············
  ··▓··▓····█············
  ··········█············
  ····▓···▓·█····▒···▒···
  ··········█············
  ▐█████████▓············
  ··········█············
  ··········█···▒···▒····
  ··▒···▒···█············
  ····▒·····█············
  ·······▒··█············
  ··········█············
  ▒█████████▒██████▒████▒
  ··········█······█·····
  ··········█······█·····
  ··········█··▒···█·▒···
  ·▒····▒···█····▒·█···▒·
  ···▒······█······█·····
  ··········█·▒····█·····
  ··········█······█·····
  ··▒·······█···▒··█··▒··
  ··········█······█····▒
  ··········▓······▐·····

Training 2:

Input:
  Shape: 22×24
  ·······▓················
  ··█····█····█·········█·
  ·······█················
  ··█·█··█··█·····█·······
  ·······█················
  ▒██████▓████████▓██████▒
  ·······█········█·······
  ·······█········█·······
  ·······█··█···█·█···█··█
  ·█·····█········█·······
  ·····█·█·····█··█··█··█·
  ·······█········█·······
  ·······█········█·······
  ·······▒████████▐██████▐
  ···█···█········█·······
  ·······█··█·····█······█
  ·······█········█··█····
  ···█···█····█···█····█··
  ·······█········█·······
  ·█·····█········█·······
  ·······█····█···█···█···
  ·······▒········▒·······

Output:
  Shape: 22×24
  ·······▓················
  ··▓····█····▓·········▓·
  ·······█················
  ··▓·▓··█··▓·····▓·······
  ·······█················
  ▒██████▓████████▓██████▒
  ·······█········█·······
  ·······█········█·······
  ·······█··▓···▓·█···▐··▐
  ·▒·····█········█·······
  ·····▒·█·····▓··█··▐··▐·
  ·······█········█·······
  ·······█········█·······
  ·······▒████████▐██████▐
  ···▒···█········█·······
  ·······█··▒·····█······▐
  ·······█········█··▐····
  ···▒···█····▒···█····▐··
  ·······█········█·······
  ·▒·····█········█·······
  ·······█····▒···█···▐···
  ·······▒········▒·······

--- SOLVING TASK ---

--- TEST CASE ---

Test Input:
  Shape: 26×26
  ·······▒··········▐··█···█
  ·····█·█··█·····█·█·······
  ··█····█······█···█····█··
  ·······█··········█·······
  ▓██████▓█████▒████▒██████▐
  ·······█·····█····█·······
  ·······█·█···█·█··█···█···
  ··█····█···█·█··█·█·······
  ····█··█·····█····█·····█·
  ·······█·█···█·█··█··█····
  ·······█·····█····█·······
  ·█·····█·····█····█·······
  ·······░█████▓████░██████░
  ·······█··········█·······
  ··█·█··█··········█·█·····
  ·······█····█·····█····█··
  ·······█··········█·······
  ·······█··········█·······
  ·······█··········█·█··█··
  ▒██████▓··█·······█·······
  ·······█·······█··█·······
  ·······█··········▒██████░
  █··█···█··········█·······
  ·······█·····█····█·······
  ····█··█··········█···█·█·
  ·······▒··········░·······

Expected Output:
  Shape: 26×26
  ·······▒··········▐··▐···▐
  ·····▓·█··▒·····▒·█·······
  ··▓····█······▒···█····▐··
  ·······█··········█·······
  ▓██████▓█████▒████▒██████▐
  ·······█·····█····█·······
  ·······█·▓···█·▒··█···░···
  ··▓····█···▓·█··▒·█·······
  ····▓··█·····█····█·····░·
  ·······█·▓···█·▒··█··░····
  ·······█·····█····█·······
  ·▓·····█·····█····█·······
  ·······░█████▓████░██████░
  ·······█··········█·······
  ··▓·▓··█··········█·░·····
  ·······█····░·····█····░··
  ·······█··········█·······
  ·······█··········█·······
  ·······█··········█·░··░··
  ▒██████▓··░·······█·······
  ·······█·······░··█·······
  ·······█··········▒██████░
  ▒··▒···█··········█·······
  ·······█·····░····█·······
  ····▒··█··········█···░·░·
  ·······▒··········░·······

ERROR: Solver returned invalid result


======================================================================
SUMMARY OF FINDINGS
======================================================================

Error type distribution:
  solver_failed       : 5 tasks - fd096ab6, 14754a24, 42918530, 575b1a71, e681b708
